  Determining projects to restore...
C:\Users\solun\OneDrive\Desktop\New folder (5)\AIResumeAnalyzer\AIResumeAnalyzer.csproj : warning NU1603: AIResumeAnalyzer depends on UglyToad.PdfPig (>= 0.1.9-alpha-001) but UglyToad.PdfPig 0.1.9-alpha-001 was not found. UglyToad.PdfPig 0.1.9-alpha001-patch1 was resolved instead.
C:\Users\solun\OneDrive\Desktop\New folder (5)\AIResumeAnalyzer\AIResumeAnalyzer.csproj : warning NU1603: UglyToad.PdfPig 0.1.9-alpha001-patch1 depends on UglyToad.PdfPig.Core (>= 0.1.9-alpha001-patch1) but UglyToad.PdfPig.Core 0.1.9-alpha001-patch1 was not found. UglyToad.PdfPig.Core 1.7.0-custom-5 was resolved instead.
C:\Users\solun\OneDrive\Desktop\New folder (5)\AIResumeAnalyzer\AIResumeAnalyzer.csproj : warning NU1603: UglyToad.PdfPig 0.1.9-alpha001-patch1 depends on UglyToad.PdfPig.Fonts (>= 0.1.9-alpha001-patch1) but UglyToad.PdfPig.Fonts 0.1.9-alpha001-patch1 was not found. UglyToad.PdfPig.Fonts 1.7.0-custom-5 was resolved instead.
C:\Users\solun\OneDrive\Desktop\New folder (5)\AIResumeAnalyzer\AIResumeAnalyzer.csproj : warning NU1603: UglyToad.PdfPig 0.1.9-alpha001-patch1 depends on UglyToad.PdfPig.Tokenization (>= 0.1.9-alpha001-patch1) but UglyToad.PdfPig.Tokenization 0.1.9-alpha001-patch1 was not found. UglyToad.PdfPig.Tokenization 1.7.0-custom-5 was resolved instead.
C:\Users\solun\OneDrive\Desktop\New folder (5)\AIResumeAnalyzer\AIResumeAnalyzer.csproj : warning NU1603: UglyToad.PdfPig 0.1.9-alpha001-patch1 depends on UglyToad.PdfPig.Tokens (>= 0.1.9-alpha001-patch1) but UglyToad.PdfPig.Tokens 0.1.9-alpha001-patch1 was not found. UglyToad.PdfPig.Tokens 1.7.0-custom-5 was resolved instead.
  All projects are up-to-date for restore.
C:\Users\solun\OneDrive\Desktop\New folder (5)\AIResumeAnalyzer\AIResumeAnalyzer.csproj : warning NU1603: AIResumeAnalyzer depends on UglyToad.PdfPig (>= 0.1.9-alpha-001) but UglyToad.PdfPig 0.1.9-alpha-001 was not found. UglyToad.PdfPig 0.1.9-alpha001-patch1 was resolved instead.
C:\Users\solun\OneDrive\Desktop\New folder (5)\AIResumeAnalyzer\AIResumeAnalyzer.csproj : warning NU1603: UglyToad.PdfPig 0.1.9-alpha001-patch1 depends on UglyToad.PdfPig.Core (>= 0.1.9-alpha001-patch1) but UglyToad.PdfPig.Core 0.1.9-alpha001-patch1 was not found. UglyToad.PdfPig.Core 1.7.0-custom-5 was resolved instead.
C:\Users\solun\OneDrive\Desktop\New folder (5)\AIResumeAnalyzer\AIResumeAnalyzer.csproj : warning NU1603: UglyToad.PdfPig 0.1.9-alpha001-patch1 depends on UglyToad.PdfPig.Fonts (>= 0.1.9-alpha001-patch1) but UglyToad.PdfPig.Fonts 0.1.9-alpha001-patch1 was not found. UglyToad.PdfPig.Fonts 1.7.0-custom-5 was resolved instead.
C:\Users\solun\OneDrive\Desktop\New folder (5)\AIResumeAnalyzer\AIResumeAnalyzer.csproj : warning NU1603: UglyToad.PdfPig 0.1.9-alpha001-patch1 depends on UglyToad.PdfPig.Tokenization (>= 0.1.9-alpha001-patch1) but UglyToad.PdfPig.Tokenization 0.1.9-alpha001-patch1 was not found. UglyToad.PdfPig.Tokenization 1.7.0-custom-5 was resolved instead.
C:\Users\solun\OneDrive\Desktop\New folder (5)\AIResumeAnalyzer\AIResumeAnalyzer.csproj : warning NU1603: UglyToad.PdfPig 0.1.9-alpha001-patch1 depends on UglyToad.PdfPig.Tokens (>= 0.1.9-alpha001-patch1) but UglyToad.PdfPig.Tokens 0.1.9-alpha001-patch1 was not found. UglyToad.PdfPig.Tokens 1.7.0-custom-5 was resolved instead.
C:\Users\solun\OneDrive\Desktop\New folder (5)\AIResumeAnalyzer\Models\Resume.cs(11,23): warning CS8618: Non-nullable property 'FileName' must contain a non-null value when exiting constructor. Consider adding the 'required' modifier or declaring the property as nullable. [C:\Users\solun\OneDrive\Desktop\New folder (5)\AIResumeAnalyzer\AIResumeAnalyzer.csproj]
C:\Users\solun\OneDrive\Desktop\New folder (5)\AIResumeAnalyzer\Models\Resume.cs(13,23): warning CS8618: Non-nullable property 'ResumeText' must contain a non-null value when exiting constructor. Consider adding the 'required' modifier or declaring the property as nullable. [C:\Users\solun\OneDrive\Desktop\New folder (5)\AIResumeAnalyzer\AIResumeAnalyzer.csproj]
C:\Users\solun\OneDrive\Desktop\New folder (5)\AIResumeAnalyzer\Models\Resume.cs(15,23): warning CS8618: Non-nullable property 'JobDescription' must contain a non-null value when exiting constructor. Consider adding the 'required' modifier or declaring the property as nullable. [C:\Users\solun\OneDrive\Desktop\New folder (5)\AIResumeAnalyzer\AIResumeAnalyzer.csproj]
C:\Users\solun\OneDrive\Desktop\New folder (5)\AIResumeAnalyzer\Models\Resume.cs(19,23): warning CS8618: Non-nullable property 'AIResult' must contain a non-null value when exiting constructor. Consider adding the 'required' modifier or declaring the property as nullable. [C:\Users\solun\OneDrive\Desktop\New folder (5)\AIResumeAnalyzer\AIResumeAnalyzer.csproj]
C:\Users\solun\OneDrive\Desktop\New folder (5)\AIResumeAnalyzer\Services\OpenAIService.cs(85,28): warning CS8618: Non-nullable property 'Message' must contain a non-null value when exiting constructor. Consider adding the 'required' modifier or declaring the property as nullable. [C:\Users\solun\OneDrive\Desktop\New folder (5)\AIResumeAnalyzer\AIResumeAnalyzer.csproj]
C:\Users\solun\OneDrive\Desktop\New folder (5)\AIResumeAnalyzer\Services\OpenAIService.cs(79,33): warning CS8618: Non-nullable property 'Choices' must contain a non-null value when exiting constructor. Consider adding the 'required' modifier or declaring the property as nullable. [C:\Users\solun\OneDrive\Desktop\New folder (5)\AIResumeAnalyzer\AIResumeAnalyzer.csproj]
C:\Users\solun\OneDrive\Desktop\New folder (5)\AIResumeAnalyzer\Services\OpenAIService.cs(91,27): warning CS8618: Non-nullable property 'Content' must contain a non-null value when exiting constructor. Consider adding the 'required' modifier or declaring the property as nullable. [C:\Users\solun\OneDrive\Desktop\New folder (5)\AIResumeAnalyzer\AIResumeAnalyzer.csproj]
C:\Users\solun\OneDrive\Desktop\New folder (5)\AIResumeAnalyzer\Program.cs(30,5): error CS1061: 'WebApplication' does not contain a definition for 'MapStaticAssets' and no accessible extension method 'MapStaticAssets' accepting a first argument of type 'WebApplication' could be found (are you missing a using directive or an assembly reference?) [C:\Users\solun\OneDrive\Desktop\New folder (5)\AIResumeAnalyzer\AIResumeAnalyzer.csproj]
C:\Users\solun\OneDrive\Desktop\New folder (5)\AIResumeAnalyzer\Program.cs(35,6): error CS1061: 'ControllerActionEndpointConventionBuilder' does not contain a definition for 'WithStaticAssets' and no accessible extension method 'WithStaticAssets' accepting a first argument of type 'ControllerActionEndpointConventionBuilder' could be found (are you missing a using directive or an assembly reference?) [C:\Users\solun\OneDrive\Desktop\New folder (5)\AIResumeAnalyzer\AIResumeAnalyzer.csproj]

Build FAILED.

C:\Users\solun\OneDrive\Desktop\New folder (5)\AIResumeAnalyzer\AIResumeAnalyzer.csproj : warning NU1603: AIResumeAnalyzer depends on UglyToad.PdfPig (>= 0.1.9-alpha-001) but UglyToad.PdfPig 0.1.9-alpha-001 was not found. UglyToad.PdfPig 0.1.9-alpha001-patch1 was resolved instead.
C:\Users\solun\OneDrive\Desktop\New folder (5)\AIResumeAnalyzer\AIResumeAnalyzer.csproj : warning NU1603: UglyToad.PdfPig 0.1.9-alpha001-patch1 depends on UglyToad.PdfPig.Core (>= 0.1.9-alpha001-patch1) but UglyToad.PdfPig.Core 0.1.9-alpha001-patch1 was not found. UglyToad.PdfPig.Core 1.7.0-custom-5 was resolved instead.
C:\Users\solun\OneDrive\Desktop\New folder (5)\AIResumeAnalyzer\AIResumeAnalyzer.csproj : warning NU1603: UglyToad.PdfPig 0.1.9-alpha001-patch1 depends on UglyToad.PdfPig.Fonts (>= 0.1.9-alpha001-patch1) but UglyToad.PdfPig.Fonts 0.1.9-alpha001-patch1 was not found. UglyToad.PdfPig.Fonts 1.7.0-custom-5 was resolved instead.
C:\Users\solun\OneDrive\Desktop\New folder (5)\AIResumeAnalyzer\AIResumeAnalyzer.csproj : warning NU1603: UglyToad.PdfPig 0.1.9-alpha001-patch1 depends on UglyToad.PdfPig.Tokenization (>= 0.1.9-alpha001-patch1) but UglyToad.PdfPig.Tokenization 0.1.9-alpha001-patch1 was not found. UglyToad.PdfPig.Tokenization 1.7.0-custom-5 was resolved instead.
C:\Users\solun\OneDrive\Desktop\New folder (5)\AIResumeAnalyzer\AIResumeAnalyzer.csproj : warning NU1603: UglyToad.PdfPig 0.1.9-alpha001-patch1 depends on UglyToad.PdfPig.Tokens (>= 0.1.9-alpha001-patch1) but UglyToad.PdfPig.Tokens 0.1.9-alpha001-patch1 was not found. UglyToad.PdfPig.Tokens 1.7.0-custom-5 was resolved instead.
C:\Users\solun\OneDrive\Desktop\New folder (5)\AIResumeAnalyzer\AIResumeAnalyzer.csproj : warning NU1603: AIResumeAnalyzer depends on UglyToad.PdfPig (>= 0.1.9-alpha-001) but UglyToad.PdfPig 0.1.9-alpha-001 was not found. UglyToad.PdfPig 0.1.9-alpha001-patch1 was resolved instead.
C:\Users\solun\OneDrive\Desktop\New folder (5)\AIResumeAnalyzer\AIResumeAnalyzer.csproj : warning NU1603: UglyToad.PdfPig 0.1.9-alpha001-patch1 depends on UglyToad.PdfPig.Core (>= 0.1.9-alpha001-patch1) but UglyToad.PdfPig.Core 0.1.9-alpha001-patch1 was not found. UglyToad.PdfPig.Core 1.7.0-custom-5 was resolved instead.
C:\Users\solun\OneDrive\Desktop\New folder (5)\AIResumeAnalyzer\AIResumeAnalyzer.csproj : warning NU1603: UglyToad.PdfPig 0.1.9-alpha001-patch1 depends on UglyToad.PdfPig.Fonts (>= 0.1.9-alpha001-patch1) but UglyToad.PdfPig.Fonts 0.1.9-alpha001-patch1 was not found. UglyToad.PdfPig.Fonts 1.7.0-custom-5 was resolved instead.
C:\Users\solun\OneDrive\Desktop\New folder (5)\AIResumeAnalyzer\AIResumeAnalyzer.csproj : warning NU1603: UglyToad.PdfPig 0.1.9-alpha001-patch1 depends on UglyToad.PdfPig.Tokenization (>= 0.1.9-alpha001-patch1) but UglyToad.PdfPig.Tokenization 0.1.9-alpha001-patch1 was not found. UglyToad.PdfPig.Tokenization 1.7.0-custom-5 was resolved instead.
C:\Users\solun\OneDrive\Desktop\New folder (5)\AIResumeAnalyzer\AIResumeAnalyzer.csproj : warning NU1603: UglyToad.PdfPig 0.1.9-alpha001-patch1 depends on UglyToad.PdfPig.Tokens (>= 0.1.9-alpha001-patch1) but UglyToad.PdfPig.Tokens 0.1.9-alpha001-patch1 was not found. UglyToad.PdfPig.Tokens 1.7.0-custom-5 was resolved instead.
C:\Users\solun\OneDrive\Desktop\New folder (5)\AIResumeAnalyzer\Models\Resume.cs(11,23): warning CS8618: Non-nullable property 'FileName' must contain a non-null value when exiting constructor. Consider adding the 'required' modifier or declaring the property as nullable. [C:\Users\solun\OneDrive\Desktop\New folder (5)\AIResumeAnalyzer\AIResumeAnalyzer.csproj]
C:\Users\solun\OneDrive\Desktop\New folder (5)\AIResumeAnalyzer\Models\Resume.cs(13,23): warning CS8618: Non-nullable property 'ResumeText' must contain a non-null value when exiting constructor. Consider adding the 'required' modifier or declaring the property as nullable. [C:\Users\solun\OneDrive\Desktop\New folder (5)\AIResumeAnalyzer\AIResumeAnalyzer.csproj]
C:\Users\solun\OneDrive\Desktop\New folder (5)\AIResumeAnalyzer\Models\Resume.cs(15,23): warning CS8618: Non-nullable property 'JobDescription' must contain a non-null value when exiting constructor. Consider adding the 'required' modifier or declaring the property as nullable. [C:\Users\solun\OneDrive\Desktop\New folder (5)\AIResumeAnalyzer\AIResumeAnalyzer.csproj]
C:\Users\solun\OneDrive\Desktop\New folder (5)\AIResumeAnalyzer\Models\Resume.cs(19,23): warning CS8618: Non-nullable property 'AIResult' must contain a non-null value when exiting constructor. Consider adding the 'required' modifier or declaring the property as nullable. [C:\Users\solun\OneDrive\Desktop\New folder (5)\AIResumeAnalyzer\AIResumeAnalyzer.csproj]
C:\Users\solun\OneDrive\Desktop\New folder (5)\AIResumeAnalyzer\Services\OpenAIService.cs(85,28): warning CS8618: Non-nullable property 'Message' must contain a non-null value when exiting constructor. Consider adding the 'required' modifier or declaring the property as nullable. [C:\Users\solun\OneDrive\Desktop\New folder (5)\AIResumeAnalyzer\AIResumeAnalyzer.csproj]
C:\Users\solun\OneDrive\Desktop\New folder (5)\AIResumeAnalyzer\Services\OpenAIService.cs(79,33): warning CS8618: Non-nullable property 'Choices' must contain a non-null value when exiting constructor. Consider adding the 'required' modifier or declaring the property as nullable. [C:\Users\solun\OneDrive\Desktop\New folder (5)\AIResumeAnalyzer\AIResumeAnalyzer.csproj]
C:\Users\solun\OneDrive\Desktop\New folder (5)\AIResumeAnalyzer\Services\OpenAIService.cs(91,27): warning CS8618: Non-nullable property 'Content' must contain a non-null value when exiting constructor. Consider adding the 'required' modifier or declaring the property as nullable. [C:\Users\solun\OneDrive\Desktop\New folder (5)\AIResumeAnalyzer\AIResumeAnalyzer.csproj]
C:\Users\solun\OneDrive\Desktop\New folder (5)\AIResumeAnalyzer\Program.cs(30,5): error CS1061: 'WebApplication' does not contain a definition for 'MapStaticAssets' and no accessible extension method 'MapStaticAssets' accepting a first argument of type 'WebApplication' could be found (are you missing a using directive or an assembly reference?) [C:\Users\solun\OneDrive\Desktop\New folder (5)\AIResumeAnalyzer\AIResumeAnalyzer.csproj]
C:\Users\solun\OneDrive\Desktop\New folder (5)\AIResumeAnalyzer\Program.cs(35,6): error CS1061: 'ControllerActionEndpointConventionBuilder' does not contain a definition for 'WithStaticAssets' and no accessible extension method 'WithStaticAssets' accepting a first argument of type 'ControllerActionEndpointConventionBuilder' could be found (are you missing a using directive or an assembly reference?) [C:\Users\solun\OneDrive\Desktop\New folder (5)\AIResumeAnalyzer\AIResumeAnalyzer.csproj]
    17 Warning(s)
    2 Error(s)

Time Elapsed 00:00:01.71
